<?xml version="1.0" encoding="utf-8"?><testsuites name="pytest tests"><testsuite name="pytest" errors="0" failures="0" skipped="0" tests="33" time="20.045" timestamp="2026-04-03T08:41:49.296933+00:00" hostname="agent-env-e6701a2b-a0ef-46f8-ade0-f33db11ca29d"><testcase classname="tests.test_aurem_bos.TestHealthAndAuth" name="test_health_endpoint" time="0.194" /><testcase classname="tests.test_aurem_bos.TestHealthAndAuth" name="test_system_health_no_auth" time="0.096" /><testcase classname="tests.test_aurem_bos.TestHealthAndAuth" name="test_login_success" time="0.119" /><testcase classname="tests.test_aurem_bos.TestHealthAndAuth" name="test_login_invalid_credentials" time="0.099" /><testcase classname="tests.test_aurem_bos.TestSystemStatus" name="test_get_system_status" time="0.231" /><testcase classname="tests.test_aurem_bos.TestSystemStatus" name="test_force_sync" time="0.129" /><testcase classname="tests.test_aurem_bos.TestSystemStatus" name="test_automation_status" time="0.110" /><testcase classname="tests.test_aurem_bos.TestSystemStatus" name="test_pending_work" time="0.119" /><testcase classname="tests.test_aurem_bos.TestCircuitBreakers" name="test_get_circuit_breakers" time="0.202" /><testcase classname="tests.test_aurem_bos.TestCircuitBreakers" name="test_reset_all_circuit_breakers" time="0.112" /><testcase classname="tests.test_aurem_bos.TestCircuitBreakers" name="test_reset_specific_circuit_breaker" time="0.111" /><testcase classname="tests.test_aurem_bos.TestDailyDigest" name="test_record_event" time="0.210" /><testcase classname="tests.test_aurem_bos.TestDailyDigest" name="test_record_critical_event" time="0.107" /><testcase classname="tests.test_aurem_bos.TestDailyDigest" name="test_generate_digest" time="0.116" /><testcase classname="tests.test_aurem_bos.TestDailyDigest" name="test_get_events" time="0.104" /><testcase classname="tests.test_aurem_bos.TestDailyDigest" name="test_get_digest_stats" time="0.111" /><testcase classname="tests.test_aurem_bos.TestPremiumFollowUp" name="test_get_followup_candidates" time="0.214" /><testcase classname="tests.test_aurem_bos.TestPremiumFollowUp" name="test_run_followup_cycle" time="0.102" /><testcase classname="tests.test_aurem_bos.TestPremiumFollowUp" name="test_update_followup_status" time="0.108" /><testcase classname="tests.test_aurem_bos.TestWhatsAppCoexistence" name="test_get_conversation_state" time="0.205" /><testcase classname="tests.test_aurem_bos.TestWhatsAppCoexistence" name="test_human_takeover" time="0.095" /><testcase classname="tests.test_aurem_bos.TestWhatsAppCoexistence" name="test_resume_ai_mode" time="0.099" /><testcase classname="tests.test_aurem_bos.TestWhatsAppCoexistence" name="test_get_active_human_conversations" time="0.094" /><testcase classname="tests.test_aurem_bos.TestWhatsAppCoexistence" name="test_escalate_to_human" time="0.118" /><testcase classname="tests.test_aurem_bos.TestMultiModalProcessing" name="test_get_multimodal_status" time="0.251" /><testcase classname="tests.test_aurem_bos.TestMultiModalProcessing" name="test_process_text_message" time="0.102" /><testcase classname="tests.test_aurem_bos.TestBusinessManagement" name="test_list_businesses" time="0.228" /><testcase classname="tests.test_aurem_bos.TestBusinessManagement" name="test_create_business" time="0.120" /><testcase classname="tests.test_aurem_bos.TestBusinessManagement" name="test_get_business" time="0.236" /><testcase classname="tests.test_aurem_bos.TestBusinessManagement" name="test_list_business_agents" time="0.195" /><testcase classname="tests.test_aurem_bos.TestPremiumDashboard" name="test_get_premium_dashboard" time="0.195" /><testcase classname="tests.test_aurem_bos.TestOmniDimension" name="test_inbound_message" time="15.217" /><testcase classname="tests.test_aurem_bos.TestOmniDimension" name="test_channel_analytics" time="0.167" /></testsuite></testsuites>