<?xml version="1.0" encoding="utf-8"?><testsuites name="pytest tests"><testsuite name="pytest" errors="0" failures="0" skipped="0" tests="17" time="2.704" timestamp="2026-04-03T21:09:49.422025+00:00" hostname="agent-env-e6701a2b-a0ef-46f8-ade0-f33db11ca29d"><testcase classname="backend.tests.test_custom_subscription.TestCustomSubscriptionAvailableServices" name="test_get_available_services_success" time="0.258" /><testcase classname="backend.tests.test_custom_subscription.TestCustomSubscriptionAvailableServices" name="test_services_have_custom_pricing" time="0.141" /><testcase classname="backend.tests.test_custom_subscription.TestCustomSubscriptionCalculatePricing" name="test_calculate_pricing_single_service" time="0.112" /><testcase classname="backend.tests.test_custom_subscription.TestCustomSubscriptionCalculatePricing" name="test_calculate_pricing_multiple_services" time="0.134" /><testcase classname="backend.tests.test_custom_subscription.TestCustomSubscriptionCalculatePricing" name="test_calculate_pricing_empty_services" time="0.118" /><testcase classname="backend.tests.test_custom_subscription.TestCustomSubscriptionCalculatePricing" name="test_calculate_pricing_annual_discount" time="0.123" /><testcase classname="backend.tests.test_custom_subscription.TestCustomSubscriptionCalculatePricing" name="test_calculate_pricing_invalid_service" time="0.110" /><testcase classname="backend.tests.test_custom_subscription.TestCustomSubscriptionCalculatePricing" name="test_calculate_pricing_free_service" time="0.121" /><testcase classname="backend.tests.test_custom_subscription.TestCustomSubscriptionCreate" name="test_create_subscription_success" time="0.248" /><testcase classname="backend.tests.test_custom_subscription.TestCustomSubscriptionCreate" name="test_create_subscription_annual" time="0.119" /><testcase classname="backend.tests.test_custom_subscription.TestCustomSubscriptionCreate" name="test_create_subscription_invalid_service" time="0.102" /><testcase classname="backend.tests.test_custom_subscription.TestCustomSubscriptionGetUser" name="test_get_user_subscription_success" time="0.236" /><testcase classname="backend.tests.test_custom_subscription.TestCustomSubscriptionGetUser" name="test_get_user_subscription_not_found" time="0.109" /><testcase classname="backend.tests.test_custom_subscription.TestCustomSubscriptionCancel" name="test_cancel_subscription_success" time="0.246" /><testcase classname="backend.tests.test_custom_subscription.TestCustomSubscriptionCancel" name="test_cancel_nonexistent_subscription" time="0.107" /><testcase classname="backend.tests.test_custom_subscription.TestCustomSubscriptionEdgeCases" name="test_all_services_selection" time="0.210" /><testcase classname="backend.tests.test_custom_subscription.TestCustomSubscriptionEdgeCases" name="test_duplicate_services_in_request" time="0.108" /></testsuite></testsuites>