<?xml version="1.0" encoding="utf-8"?><testsuites name="pytest tests"><testsuite name="pytest" errors="0" failures="0" skipped="0" tests="13" time="1.779" timestamp="2026-04-04T02:15:52.099342+00:00" hostname="agent-env-e6701a2b-a0ef-46f8-ade0-f33db11ca29d"><testcase classname="backend.tests.test_iteration8_comprehensive.TestHealthEndpoints" name="test_health_endpoint" time="0.297" /><testcase classname="backend.tests.test_iteration8_comprehensive.TestHealthEndpoints" name="test_health_response_structure" time="0.114" /><testcase classname="backend.tests.test_iteration8_comprehensive.TestAuthentication" name="test_login_success" time="0.106" /><testcase classname="backend.tests.test_iteration8_comprehensive.TestAuthentication" name="test_login_returns_user_info" time="0.110" /><testcase classname="backend.tests.test_iteration8_comprehensive.TestAuthentication" name="test_login_invalid_credentials" time="0.202" /><testcase classname="backend.tests.test_iteration8_comprehensive.TestLeadsAPI" name="test_leads_endpoint_no_redirect" time="0.103" /><testcase classname="backend.tests.test_iteration8_comprehensive.TestLeadsAPI" name="test_leads_response_structure" time="0.104" /><testcase classname="backend.tests.test_iteration8_comprehensive.TestLeadsAPI" name="test_leads_stats_endpoint" time="0.112" /><testcase classname="backend.tests.test_iteration8_comprehensive.TestAdminCacheAPI" name="test_cache_clear_with_admin_key" time="0.123" /><testcase classname="backend.tests.test_iteration8_comprehensive.TestAdminCacheAPI" name="test_cache_clear_without_admin_key" time="0.111" /><testcase classname="backend.tests.test_iteration8_comprehensive.TestAdminCacheAPI" name="test_cache_clear_with_invalid_key" time="0.103" /><testcase classname="backend.tests.test_iteration8_comprehensive.TestAUREMEndpoints" name="test_aurem_metrics" time="0.109" /><testcase classname="backend.tests.test_iteration8_comprehensive.TestAUREMEndpoints" name="test_aurem_agents_status" time="0.106" /></testsuite></testsuites>