<?xml version="1.0" encoding="utf-8"?><testsuites name="pytest tests"><testsuite name="pytest" errors="0" failures="0" skipped="0" tests="21" time="4.402" timestamp="2026-04-04T01:14:51.982417+00:00" hostname="agent-env-e6701a2b-a0ef-46f8-ade0-f33db11ca29d"><testcase classname="tests.test_lead_capture.TestLeadIntentDetection" name="test_detect_booking_intent" time="0.307" /><testcase classname="tests.test_lead_capture.TestLeadIntentDetection" name="test_detect_interest_intent" time="0.157" /><testcase classname="tests.test_lead_capture.TestLeadIntentDetection" name="test_detect_price_inquiry" time="0.127" /><testcase classname="tests.test_lead_capture.TestLeadIntentDetection" name="test_no_intent_casual_message" time="0.115" /><testcase classname="tests.test_lead_capture.TestLeadIntentDetection" name="test_negative_intent_just_browsing" time="0.126" /><testcase classname="tests.test_lead_capture.TestContactExtraction" name="test_extract_email" time="0.227" /><testcase classname="tests.test_lead_capture.TestContactExtraction" name="test_extract_phone" time="0.256" /><testcase classname="tests.test_lead_capture.TestContactExtraction" name="test_extract_name" time="0.225" /><testcase classname="tests.test_lead_capture.TestLeadStorage" name="test_create_lead_with_tenant_id" time="0.302" /><testcase classname="tests.test_lead_capture.TestLeadStorage" name="test_get_leads_for_tenant" time="0.223" /><testcase classname="tests.test_lead_capture.TestLeadCaptureHook" name="test_duplicate_prevention" time="0.251" /><testcase classname="tests.test_lead_capture.TestLeadStats" name="test_get_stats_today" time="0.127" /><testcase classname="tests.test_lead_capture.TestLeadStats" name="test_get_stats_all_time" time="0.123" /><testcase classname="tests.test_lead_capture.TestLeadStatusUpdate" name="test_update_lead_status_to_contacted" time="0.235" /><testcase classname="tests.test_lead_capture.TestLeadStatusUpdate" name="test_update_lead_status_to_converted" time="0.235" /><testcase classname="tests.test_lead_capture.TestLeadStatusUpdate" name="test_invalid_status_returns_400" time="0.234" /><testcase classname="tests.test_lead_capture.TestLeadStatusUpdate" name="test_nonexistent_lead_returns_404" time="0.112" /><testcase classname="tests.test_lead_capture.TestMultiTenancy" name="test_tenant_isolation" time="0.470" /><testcase classname="tests.test_lead_capture.TestEdgeCases" name="test_message_without_contact_info" time="0.210" /><testcase classname="tests.test_lead_capture.TestEdgeCases" name="test_ambiguous_intent" time="0.110" /><testcase classname="tests.test_lead_capture.TestEdgeCases" name="test_multiple_signals_high_confidence" time="0.123" /></testsuite></testsuites>